This is pdfTeX, Version 3.141592653-2.6-1.40.26 (MiKTeX 24.4) (preloaded format=pdflatex 2024.6.24)  18 SEP 2024 01:36
entering extended mode
 restricted \write18 enabled.
 file:line:error style messages enabled.
 %&-line parsing enabled.
**"c:/PU Projects/PUC Courses/5th Semester/SEISDL Project/Final Report/final.tex"
(c:/PU Projects/PUC Courses/5th Semester/SEISDL Project/Final Report/final.tex
LaTeX2e <2024-06-01> patch level 1
L3 programming layer <2024-05-27>
(C:\Users\SAKIB\AppData\Local\Programs\MiKTeX\tex/latex/koma-script\scrreprt.cls
Document Class: scrreprt 2023/07/07 v3.41 KOMA-Script document class (report)
(C:\Users\SAKIB\AppData\Local\Programs\MiKTeX\tex/latex/koma-script\scrkbase.sty
Package: scrkbase 2023/07/07 v3.41 KOMA-Script package (KOMA-Script-dependent basics and keyval usage)
 (C:\Users\SAKIB\AppData\Local\Programs\MiKTeX\tex/latex/koma-script\scrbase.sty
Package: scrbase 2023/07/07 v3.41 KOMA-Script package (KOMA-Script-independent basics and keyval usage)
 (C:\Users\SAKIB\AppData\Local\Programs\MiKTeX\tex/latex/koma-script\scrlfile.sty
Package: scrlfile 2023/07/07 v3.41 KOMA-Script package (file load hooks)
 (C:\Users\SAKIB\AppData\Local\Programs\MiKTeX\tex/latex/koma-script\scrlfile-hook.sty
Package: scrlfile-hook 2023/07/07 v3.41 KOMA-Script package (using LaTeX hooks)
 (C:\Users\SAKIB\AppData\Local\Programs\MiKTeX\tex/latex/koma-script\scrlogo.sty
Package: scrlogo 2023/07/07 v3.41 KOMA-Script package (logo)
))) (C:\Users\SAKIB\AppData\Local\Programs\MiKTeX\tex/latex/graphics\keyval.sty
Package: keyval 2022/05/29 v1.15 key=value parser (DPC)
\KV@toks@=\toks17
)
Applying: [2021/05/01] Usage of raw or classic option list on input line 252.
Already applied: [0000/00/00] Usage of raw or classic option list on input line 368.
)) (C:\Users\SAKIB\AppData\Local\Programs\MiKTeX\tex/latex/koma-script\tocbasic.sty
Package: tocbasic 2023/07/07 v3.41 KOMA-Script package (handling toc-files)
\scr@dte@tocline@numberwidth=\skip49
\scr@dte@tocline@numbox=\box52
)
Package tocbasic Info: omitting babel extension for `toc'
(tocbasic)             because of feature `nobabel' available
(tocbasic)             for `toc' on input line 135.
Class scrreprt Info: File `scrsize11pt.clo' used instead of
(scrreprt)           file `scrsize11.clo' to setup font sizes on input line 2688.
 (C:\Users\SAKIB\AppData\Local\Programs\MiKTeX\tex/latex/koma-script\scrsize11pt.clo
File: scrsize11pt.clo 2023/07/07 v3.41 KOMA-Script font size class option (11pt)
) (C:\Users\SAKIB\AppData\Local\Programs\MiKTeX\tex/latex/koma-script\typearea.sty
Package: typearea 2023/07/07 v3.41 KOMA-Script package (type area)
\ta@bcor=\skip50
\ta@div=\count194
\ta@hblk=\skip51
\ta@vblk=\skip52
\ta@temp=\skip53
\footheight=\skip54
Package typearea Info: These are the values describing the layout:
(typearea)             DIV  = 10
(typearea)             BCOR = 0.0pt
(typearea)             \paperwidth      = 597.50793pt
(typearea)              \textwidth      = 418.25555pt
(typearea)              DIV departure   = -6%
(typearea)              \evensidemargin = 17.3562pt
(typearea)              \oddsidemargin  = 17.3562pt
(typearea)             \paperheight     = 845.04694pt
(typearea)              \textheight     = 595.80026pt
(typearea)              \topmargin      = -25.16531pt
(typearea)              \headheight     = 17.0pt
(typearea)              \headsep        = 20.40001pt
(typearea)              \topskip        = 11.0pt
(typearea)              \footskip       = 47.6pt
(typearea)              \baselineskip   = 13.6pt
(typearea)              on input line 1799.
)
\c@part=\count195
\c@chapter=\count196
\c@section=\count197
\c@subsection=\count198
\c@subsubsection=\count199
\c@paragraph=\count266
\c@subparagraph=\count267
\scr@dte@chapter@maxnumwidth=\skip55
Class scrreprt Info: using compatibility default `afterindent=bysign'
(scrreprt)           for `\chapter on input line 5994.
\scr@dte@section@maxnumwidth=\skip56
Class scrreprt Info: using compatibility default `runin=bysign'
(scrreprt)           for `\section on input line 6005.
Class scrreprt Info: using compatibility default `afterindent=bysign'
(scrreprt)           for `\section on input line 6005.
\scr@dte@part@maxnumwidth=\skip57
Class scrreprt Info: using compatibility default `afterindent=true'
(scrreprt)           for `\part on input line 6014.
\scr@dte@subsection@maxnumwidth=\skip58
Class scrreprt Info: using compatibility default `runin=bysign'
(scrreprt)           for `\subsection on input line 6024.
Class scrreprt Info: using compatibility default `afterindent=bysign'
(scrreprt)           for `\subsection on input line 6024.
\scr@dte@subsubsection@maxnumwidth=\skip59
Class scrreprt Info: using compatibility default `runin=bysign'
(scrreprt)           for `\subsubsection on input line 6034.
Class scrreprt Info: using compatibility default `afterindent=bysign'
(scrreprt)           for `\subsubsection on input line 6034.
\scr@dte@paragraph@maxnumwidth=\skip60
Class scrreprt Info: using compatibility default `runin=bysign'
(scrreprt)           for `\paragraph on input line 6045.
Class scrreprt Info: using compatibility default `afterindent=bysign'
(scrreprt)           for `\paragraph on input line 6045.
\scr@dte@subparagraph@maxnumwidth=\skip61
Class scrreprt Info: using compatibility default `runin=bysign'
(scrreprt)           for `\subparagraph on input line 6055.
Class scrreprt Info: using compatibility default `afterindent=bysign'
(scrreprt)           for `\subparagraph on input line 6055.
\abovecaptionskip=\skip62
\belowcaptionskip=\skip63
\c@pti@nb@sid@b@x=\box53
Package tocbasic Info: omitting babel extension for `lof'
(tocbasic)             because of feature `nobabel' available
(tocbasic)             for `lof' on input line 7240.
\scr@dte@figure@maxnumwidth=\skip64
\c@figure=\count268
Package tocbasic Info: omitting babel extension for `lot'
(tocbasic)             because of feature `nobabel' available
(tocbasic)             for `lot' on input line 7257.
\scr@dte@table@maxnumwidth=\skip65
\c@table=\count269
Class scrreprt Info: Redefining `\numberline' on input line 7428.
\bibindent=\dimen141
) (C:\Users\SAKIB\AppData\Local\Programs\MiKTeX\tex/latex/listings\listings.sty
\lst@mode=\count270
\lst@gtempboxa=\box54
\lst@token=\toks18
\lst@length=\count271
\lst@currlwidth=\dimen142
\lst@column=\count272
\lst@pos=\count273
\lst@lostspace=\dimen143
\lst@width=\dimen144
\lst@newlines=\count274
\lst@lineno=\count275
\lst@maxwidth=\dimen145
 (C:\Users\SAKIB\AppData\Local\Programs\MiKTeX\tex/latex/listings\lstpatch.sty
File: lstpatch.sty 2024/05/25 1.10b (Carsten Heinz)
) (C:\Users\SAKIB\AppData\Local\Programs\MiKTeX\tex/latex/listings\lstmisc.sty
File: lstmisc.sty 2024/05/25 1.10b (Carsten Heinz)
\c@lstnumber=\count276
\lst@skipnumbers=\count277
\lst@framebox=\box55
) (C:\Users\SAKIB\AppData\Local\Programs\MiKTeX\tex/latex/listings\listings.cfg
File: listings.cfg 2024/05/25 1.10b listings configuration
))
Package: listings 2024/05/25 1.10b (Carsten Heinz)
 (C:\Users\SAKIB\AppData\Local\Programs\MiKTeX\tex/latex/tools\array.sty
Package: array 2024/06/14 v2.6d Tabular extension package (FMi)
\col@sep=\dimen146
\ar@mcellbox=\box56
\extrarowheight=\dimen147
\NC@list=\toks19
\extratabsurround=\skip66
\backup@length=\skip67
\ar@cellbox=\box57
) (C:\Users\SAKIB\AppData\Local\Programs\MiKTeX\tex/latex/tools\longtable.sty
Package: longtable 2024-04-26 v4.20 Multi-page Table package (DPC)
\LTleft=\skip68
\LTright=\skip69
\LTpre=\skip70
\LTpost=\skip71
\LTchunksize=\count278
\LTcapwidth=\dimen148
\LT@head=\box58
\LT@firsthead=\box59
\LT@foot=\box60
\LT@lastfoot=\box61
\LT@gbox=\box62
\LT@cols=\count279
\LT@rows=\count280
\c@LT@tables=\count281
\c@LT@chunks=\count282
\LT@p@ftn=\toks20
)
Class scrreprt Info: longtable captions redefined on input line 5.
 (C:\Users\SAKIB\AppData\Local\Programs\MiKTeX\tex/latex/pgf/frontendlayer\tikz.sty (C:\Users\SAKIB\AppData\Local\Programs\MiKTeX\tex/latex/pgf/basiclayer\pgf.sty (C:\Users\SAKIB\AppData\Local\Programs\MiKTeX\tex/latex/pgf/utilities\pgfrcs.sty (C:\Users\SAKIB\AppData\Local\Programs\MiKTeX\tex/generic/pgf/utilities\pgfutil-common.tex
\pgfutil@everybye=\toks21
\pgfutil@tempdima=\dimen149
\pgfutil@tempdimb=\dimen150
) (C:\Users\SAKIB\AppData\Local\Programs\MiKTeX\tex/generic/pgf/utilities\pgfutil-latex.def
\pgfutil@abb=\box63
) (C:\Users\SAKIB\AppData\Local\Programs\MiKTeX\tex/generic/pgf/utilities\pgfrcs.code.tex (C:\Users\SAKIB\AppData\Local\Programs\MiKTeX\tex/generic/pgf\pgf.revision.tex)
Package: pgfrcs 2023-01-15 v3.1.10 (3.1.10)
))
Package: pgf 2023-01-15 v3.1.10 (3.1.10)
 (C:\Users\SAKIB\AppData\Local\Programs\MiKTeX\tex/latex/pgf/basiclayer\pgfcore.sty (C:\Users\SAKIB\AppData\Local\Programs\MiKTeX\tex/latex/graphics\graphicx.sty
Package: graphicx 2021/09/16 v1.2d Enhanced LaTeX Graphics (DPC,SPQR)
 (C:\Users\SAKIB\AppData\Local\Programs\MiKTeX\tex/latex/graphics\graphics.sty
Package: graphics 2024/05/23 v1.4g Standard LaTeX Graphics (DPC,SPQR)
 (C:\Users\SAKIB\AppData\Local\Programs\MiKTeX\tex/latex/graphics\trig.sty
Package: trig 2023/12/02 v1.11 sin cos tan (DPC)
) (C:\Users\SAKIB\AppData\Local\Programs\MiKTeX\tex/latex/graphics-cfg\graphics.cfg
File: graphics.cfg 2016/06/04 v1.11 sample graphics configuration
)
Package graphics Info: Driver file: pdftex.def on input line 106.
 (C:\Users\SAKIB\AppData\Local\Programs\MiKTeX\tex/latex/graphics-def\pdftex.def
File: pdftex.def 2024/04/13 v1.2c Graphics/color driver for pdftex
))
\Gin@req@height=\dimen151
\Gin@req@width=\dimen152
) (C:\Users\SAKIB\AppData\Local\Programs\MiKTeX\tex/latex/pgf/systemlayer\pgfsys.sty (C:\Users\SAKIB\AppData\Local\Programs\MiKTeX\tex/generic/pgf/systemlayer\pgfsys.code.tex
Package: pgfsys 2023-01-15 v3.1.10 (3.1.10)
 (C:\Users\SAKIB\AppData\Local\Programs\MiKTeX\tex/generic/pgf/utilities\pgfkeys.code.tex
\pgfkeys@pathtoks=\toks22
\pgfkeys@temptoks=\toks23
 (C:\Users\SAKIB\AppData\Local\Programs\MiKTeX\tex/generic/pgf/utilities\pgfkeyslibraryfiltered.code.tex
\pgfkeys@tmptoks=\toks24
))
\pgf@x=\dimen153
\pgf@y=\dimen154
\pgf@xa=\dimen155
\pgf@ya=\dimen156
\pgf@xb=\dimen157
\pgf@yb=\dimen158
\pgf@xc=\dimen159
\pgf@yc=\dimen160
\pgf@xd=\dimen161
\pgf@yd=\dimen162
\w@pgf@writea=\write3
\r@pgf@reada=\read2
\c@pgf@counta=\count283
\c@pgf@countb=\count284
\c@pgf@countc=\count285
\c@pgf@countd=\count286
\t@pgf@toka=\toks25
\t@pgf@tokb=\toks26
\t@pgf@tokc=\toks27
\pgf@sys@id@count=\count287
 (C:\Users\SAKIB\AppData\Local\Programs\MiKTeX\tex/generic/pgf/systemlayer\pgf.cfg
File: pgf.cfg 2023-01-15 v3.1.10 (3.1.10)
)
Driver file for pgf: pgfsys-pdftex.def
 (C:\Users\SAKIB\AppData\Local\Programs\MiKTeX\tex/generic/pgf/systemlayer\pgfsys-pdftex.def
File: pgfsys-pdftex.def 2023-01-15 v3.1.10 (3.1.10)
 (C:\Users\SAKIB\AppData\Local\Programs\MiKTeX\tex/generic/pgf/systemlayer\pgfsys-common-pdf.def
File: pgfsys-common-pdf.def 2023-01-15 v3.1.10 (3.1.10)
))) (C:\Users\SAKIB\AppData\Local\Programs\MiKTeX\tex/generic/pgf/systemlayer\pgfsyssoftpath.code.tex
File: pgfsyssoftpath.code.tex 2023-01-15 v3.1.10 (3.1.10)
\pgfsyssoftpath@smallbuffer@items=\count288
\pgfsyssoftpath@bigbuffer@items=\count289
) (C:\Users\SAKIB\AppData\Local\Programs\MiKTeX\tex/generic/pgf/systemlayer\pgfsysprotocol.code.tex
File: pgfsysprotocol.code.tex 2023-01-15 v3.1.10 (3.1.10)
)) (C:\Users\SAKIB\AppData\Local\Programs\MiKTeX\tex/latex/xcolor\xcolor.sty
Package: xcolor 2023/11/15 v3.01 LaTeX color extensions (UK)
 (C:\Users\SAKIB\AppData\Local\Programs\MiKTeX\tex/latex/graphics-cfg\color.cfg
File: color.cfg 2016/01/02 v1.6 sample color configuration
)
Package xcolor Info: Driver file: pdftex.def on input line 274.
 (C:\Users\SAKIB\AppData\Local\Programs\MiKTeX\tex/latex/graphics\mathcolor.ltx)
Package xcolor Info: Model `cmy' substituted by `cmy0' on input line 1350.
Package xcolor Info: Model `hsb' substituted by `rgb' on input line 1354.
Package xcolor Info: Model `RGB' extended on input line 1366.
Package xcolor Info: Model `HTML' substituted by `rgb' on input line 1368.
Package xcolor Info: Model `Hsb' substituted by `hsb' on input line 1369.
Package xcolor Info: Model `tHsb' substituted by `hsb' on input line 1370.
Package xcolor Info: Model `HSB' substituted by `hsb' on input line 1371.
Package xcolor Info: Model `Gray' substituted by `gray' on input line 1372.
Package xcolor Info: Model `wave' substituted by `hsb' on input line 1373.
) (C:\Users\SAKIB\AppData\Local\Programs\MiKTeX\tex/generic/pgf/basiclayer\pgfcore.code.tex
Package: pgfcore 2023-01-15 v3.1.10 (3.1.10)
 (C:\Users\SAKIB\AppData\Local\Programs\MiKTeX\tex/generic/pgf/math\pgfmath.code.tex (C:\Users\SAKIB\AppData\Local\Programs\MiKTeX\tex/generic/pgf/math\pgfmathutil.code.tex) (C:\Users\SAKIB\AppData\Local\Programs\MiKTeX\tex/generic/pgf/math\pgfmathparser.code.tex
\pgfmath@dimen=\dimen163
\pgfmath@count=\count290
\pgfmath@box=\box64
\pgfmath@toks=\toks28
\pgfmath@stack@operand=\toks29
\pgfmath@stack@operation=\toks30
) (C:\Users\SAKIB\AppData\Local\Programs\MiKTeX\tex/generic/pgf/math\pgfmathfunctions.code.tex) (C:\Users\SAKIB\AppData\Local\Programs\MiKTeX\tex/generic/pgf/math\pgfmathfunctions.basic.code.tex) (C:\Users\SAKIB\AppData\Local\Programs\MiKTeX\tex/generic/pgf/math\pgfmathfunctions.trigonometric.code.tex) (C:\Users\SAKIB\AppData\Local\Programs\MiKTeX\tex/generic/pgf/math\pgfmathfunctions.random.code.tex) (C:\Users\SAKIB\AppData\Local\Programs\MiKTeX\tex/generic/pgf/math\pgfmathfunctions.comparison.code.tex) (C:\Users\SAKIB\AppData\Local\Programs\MiKTeX\tex/generic/pgf/math\pgfmathfunctions.base.code.tex) (C:\Users\SAKIB\AppData\Local\Programs\MiKTeX\tex/generic/pgf/math\pgfmathfunctions.round.code.tex) (C:\Users\SAKIB\AppData\Local\Programs\MiKTeX\tex/generic/pgf/math\pgfmathfunctions.misc.code.tex) (C:\Users\SAKIB\AppData\Local\Programs\MiKTeX\tex/generic/pgf/math\pgfmathfunctions.integerarithmetics.code.tex) (C:\Users\SAKIB\AppData\Local\Programs\MiKTeX\tex/generic/pgf/math\pgfmathcalc.code.tex) (C:\Users\SAKIB\AppData\Local\Programs\MiKTeX\tex/generic/pgf/math\pgfmathfloat.code.tex
\c@pgfmathroundto@lastzeros=\count291
)) (C:\Users\SAKIB\AppData\Local\Programs\MiKTeX\tex/generic/pgf/math\pgfint.code.tex) (C:\Users\SAKIB\AppData\Local\Programs\MiKTeX\tex/generic/pgf/basiclayer\pgfcorepoints.code.tex
File: pgfcorepoints.code.tex 2023-01-15 v3.1.10 (3.1.10)
\pgf@picminx=\dimen164
\pgf@picmaxx=\dimen165
\pgf@picminy=\dimen166
\pgf@picmaxy=\dimen167
\pgf@pathminx=\dimen168
\pgf@pathmaxx=\dimen169
\pgf@pathminy=\dimen170
\pgf@pathmaxy=\dimen171
\pgf@xx=\dimen172
\pgf@xy=\dimen173
\pgf@yx=\dimen174
\pgf@yy=\dimen175
\pgf@zx=\dimen176
\pgf@zy=\dimen177
) (C:\Users\SAKIB\AppData\Local\Programs\MiKTeX\tex/generic/pgf/basiclayer\pgfcorepathconstruct.code.tex
File: pgfcorepathconstruct.code.tex 2023-01-15 v3.1.10 (3.1.10)
\pgf@path@lastx=\dimen178
\pgf@path@lasty=\dimen179
) (C:\Users\SAKIB\AppData\Local\Programs\MiKTeX\tex/generic/pgf/basiclayer\pgfcorepathusage.code.tex
File: pgfcorepathusage.code.tex 2023-01-15 v3.1.10 (3.1.10)
\pgf@shorten@end@additional=\dimen180
\pgf@shorten@start@additional=\dimen181
) (C:\Users\SAKIB\AppData\Local\Programs\MiKTeX\tex/generic/pgf/basiclayer\pgfcorescopes.code.tex
File: pgfcorescopes.code.tex 2023-01-15 v3.1.10 (3.1.10)
\pgfpic=\box65
\pgf@hbox=\box66
\pgf@layerbox@main=\box67
\pgf@picture@serial@count=\count292
) (C:\Users\SAKIB\AppData\Local\Programs\MiKTeX\tex/generic/pgf/basiclayer\pgfcoregraphicstate.code.tex
File: pgfcoregraphicstate.code.tex 2023-01-15 v3.1.10 (3.1.10)
\pgflinewidth=\dimen182
) (C:\Users\SAKIB\AppData\Local\Programs\MiKTeX\tex/generic/pgf/basiclayer\pgfcoretransformations.code.tex
File: pgfcoretransformations.code.tex 2023-01-15 v3.1.10 (3.1.10)
\pgf@pt@x=\dimen183
\pgf@pt@y=\dimen184
\pgf@pt@temp=\dimen185
) (C:\Users\SAKIB\AppData\Local\Programs\MiKTeX\tex/generic/pgf/basiclayer\pgfcorequick.code.tex
File: pgfcorequick.code.tex 2023-01-15 v3.1.10 (3.1.10)
) (C:\Users\SAKIB\AppData\Local\Programs\MiKTeX\tex/generic/pgf/basiclayer\pgfcoreobjects.code.tex
File: pgfcoreobjects.code.tex 2023-01-15 v3.1.10 (3.1.10)
) (C:\Users\SAKIB\AppData\Local\Programs\MiKTeX\tex/generic/pgf/basiclayer\pgfcorepathprocessing.code.tex
File: pgfcorepathprocessing.code.tex 2023-01-15 v3.1.10 (3.1.10)
) (C:\Users\SAKIB\AppData\Local\Programs\MiKTeX\tex/generic/pgf/basiclayer\pgfcorearrows.code.tex
File: pgfcorearrows.code.tex 2023-01-15 v3.1.10 (3.1.10)
\pgfarrowsep=\dimen186
) (C:\Users\SAKIB\AppData\Local\Programs\MiKTeX\tex/generic/pgf/basiclayer\pgfcoreshade.code.tex
File: pgfcoreshade.code.tex 2023-01-15 v3.1.10 (3.1.10)
\pgf@max=\dimen187
\pgf@sys@shading@range@num=\count293
\pgf@shadingcount=\count294
) (C:\Users\SAKIB\AppData\Local\Programs\MiKTeX\tex/generic/pgf/basiclayer\pgfcoreimage.code.tex
File: pgfcoreimage.code.tex 2023-01-15 v3.1.10 (3.1.10)
) (C:\Users\SAKIB\AppData\Local\Programs\MiKTeX\tex/generic/pgf/basiclayer\pgfcoreexternal.code.tex
File: pgfcoreexternal.code.tex 2023-01-15 v3.1.10 (3.1.10)
\pgfexternal@startupbox=\box68
) (C:\Users\SAKIB\AppData\Local\Programs\MiKTeX\tex/generic/pgf/basiclayer\pgfcorelayers.code.tex
File: pgfcorelayers.code.tex 2023-01-15 v3.1.10 (3.1.10)
) (C:\Users\SAKIB\AppData\Local\Programs\MiKTeX\tex/generic/pgf/basiclayer\pgfcoretransparency.code.tex
File: pgfcoretransparency.code.tex 2023-01-15 v3.1.10 (3.1.10)
) (C:\Users\SAKIB\AppData\Local\Programs\MiKTeX\tex/generic/pgf/basiclayer\pgfcorepatterns.code.tex
File: pgfcorepatterns.code.tex 2023-01-15 v3.1.10 (3.1.10)
) (C:\Users\SAKIB\AppData\Local\Programs\MiKTeX\tex/generic/pgf/basiclayer\pgfcorerdf.code.tex
File: pgfcorerdf.code.tex 2023-01-15 v3.1.10 (3.1.10)
))) (C:\Users\SAKIB\AppData\Local\Programs\MiKTeX\tex/generic/pgf/modules\pgfmoduleshapes.code.tex
File: pgfmoduleshapes.code.tex 2023-01-15 v3.1.10 (3.1.10)
\pgfnodeparttextbox=\box69
) (C:\Users\SAKIB\AppData\Local\Programs\MiKTeX\tex/generic/pgf/modules\pgfmoduleplot.code.tex
File: pgfmoduleplot.code.tex 2023-01-15 v3.1.10 (3.1.10)
) (C:\Users\SAKIB\AppData\Local\Programs\MiKTeX\tex/latex/pgf/compatibility\pgfcomp-version-0-65.sty
Package: pgfcomp-version-0-65 2023-01-15 v3.1.10 (3.1.10)
\pgf@nodesepstart=\dimen188
\pgf@nodesepend=\dimen189
) (C:\Users\SAKIB\AppData\Local\Programs\MiKTeX\tex/latex/pgf/compatibility\pgfcomp-version-1-18.sty
Package: pgfcomp-version-1-18 2023-01-15 v3.1.10 (3.1.10)
)) (C:\Users\SAKIB\AppData\Local\Programs\MiKTeX\tex/latex/pgf/utilities\pgffor.sty (C:\Users\SAKIB\AppData\Local\Programs\MiKTeX\tex/latex/pgf/utilities\pgfkeys.sty (C:\Users\SAKIB\AppData\Local\Programs\MiKTeX\tex/generic/pgf/utilities\pgfkeys.code.tex)) (C:\Users\SAKIB\AppData\Local\Programs\MiKTeX\tex/latex/pgf/math\pgfmath.sty (C:\Users\SAKIB\AppData\Local\Programs\MiKTeX\tex/generic/pgf/math\pgfmath.code.tex)) (C:\Users\SAKIB\AppData\Local\Programs\MiKTeX\tex/generic/pgf/utilities\pgffor.code.tex
Package: pgffor 2023-01-15 v3.1.10 (3.1.10)
\pgffor@iter=\dimen190
\pgffor@skip=\dimen191
\pgffor@stack=\toks31
\pgffor@toks=\toks32
)) (C:\Users\SAKIB\AppData\Local\Programs\MiKTeX\tex/generic/pgf/frontendlayer/tikz\tikz.code.tex
Package: tikz 2023-01-15 v3.1.10 (3.1.10)
 (C:\Users\SAKIB\AppData\Local\Programs\MiKTeX\tex/generic/pgf/libraries\pgflibraryplothandlers.code.tex
File: pgflibraryplothandlers.code.tex 2023-01-15 v3.1.10 (3.1.10)
\pgf@plot@mark@count=\count295
\pgfplotmarksize=\dimen192
)
\tikz@lastx=\dimen193
\tikz@lasty=\dimen194
\tikz@lastxsaved=\dimen195
\tikz@lastysaved=\dimen196
\tikz@lastmovetox=\dimen197
\tikz@lastmovetoy=\dimen198
\tikzleveldistance=\dimen199
\tikzsiblingdistance=\dimen256
\tikz@figbox=\box70
\tikz@figbox@bg=\box71
\tikz@tempbox=\box72
\tikz@tempbox@bg=\box73
\tikztreelevel=\count296
\tikznumberofchildren=\count297
\tikznumberofcurrentchild=\count298
\tikz@fig@count=\count299
 (C:\Users\SAKIB\AppData\Local\Programs\MiKTeX\tex/generic/pgf/modules\pgfmodulematrix.code.tex
File: pgfmodulematrix.code.tex 2023-01-15 v3.1.10 (3.1.10)
\pgfmatrixcurrentrow=\count300
\pgfmatrixcurrentcolumn=\count301
\pgf@matrix@numberofcolumns=\count302
)
\tikz@expandcount=\count303
 (C:\Users\SAKIB\AppData\Local\Programs\MiKTeX\tex/generic/pgf/frontendlayer/tikz/libraries\tikzlibrarytopaths.code.tex
File: tikzlibrarytopaths.code.tex 2023-01-15 v3.1.10 (3.1.10)
))) (C:\Users\SAKIB\AppData\Local\Programs\MiKTeX\tex/latex/underscore\underscore.sty
Package: underscore 2006/09/13
LaTeX Info: Redefining \_ on input line 42.
) (C:\Users\SAKIB\AppData\Local\Programs\MiKTeX\tex/latex/firstaid\underscore-ltx.sty
Package: underscore-ltx 2023/09/20 LaTeX firstaid to make underscore protected 
) (C:\Users\SAKIB\AppData\Local\Programs\MiKTeX\tex/latex/xcolor\x11nam.def
File: x11nam.def 2023/11/15 v3.01 Predefined colors according to Unix/X11 (UK)
) (C:\Users\SAKIB\AppData\Local\Programs\MiKTeX\tex/latex/hyperref\hyperref.sty
Package: hyperref 2024-05-23 v7.01i Hypertext links for LaTeX
 (C:\Users\SAKIB\AppData\Local\Programs\MiKTeX\tex/generic/iftex\iftex.sty
Package: iftex 2022/02/03 v1.0f TeX engine tests
) (C:\Users\SAKIB\AppData\Local\Programs\MiKTeX\tex/latex/kvsetkeys\kvsetkeys.sty
Package: kvsetkeys 2022-10-05 v1.19 Key value parser (HO)
) (C:\Users\SAKIB\AppData\Local\Programs\MiKTeX\tex/generic/kvdefinekeys\kvdefinekeys.sty
Package: kvdefinekeys 2019-12-19 v1.6 Define keys (HO)
) (C:\Users\SAKIB\AppData\Local\Programs\MiKTeX\tex/generic/pdfescape\pdfescape.sty
Package: pdfescape 2019/12/09 v1.15 Implements pdfTeX's escape features (HO)
 (C:\Users\SAKIB\AppData\Local\Programs\MiKTeX\tex/generic/ltxcmds\ltxcmds.sty
Package: ltxcmds 2023-12-04 v1.26 LaTeX kernel commands for general use (HO)
) (C:\Users\SAKIB\AppData\Local\Programs\MiKTeX\tex/generic/pdftexcmds\pdftexcmds.sty
Package: pdftexcmds 2020-06-27 v0.33 Utility functions of pdfTeX for LuaTeX (HO)
 (C:\Users\SAKIB\AppData\Local\Programs\MiKTeX\tex/generic/infwarerr\infwarerr.sty
Package: infwarerr 2019/12/03 v1.5 Providing info/warning/error messages (HO)
)
Package pdftexcmds Info: \pdf@primitive is available.
Package pdftexcmds Info: \pdf@ifprimitive is available.
Package pdftexcmds Info: \pdfdraftmode found.
)) (C:\Users\SAKIB\AppData\Local\Programs\MiKTeX\tex/latex/hycolor\hycolor.sty
Package: hycolor 2020-01-27 v1.10 Color options for hyperref/bookmark (HO)
) (C:\Users\SAKIB\AppData\Local\Programs\MiKTeX\tex/latex/hyperref\nameref.sty
Package: nameref 2023-11-26 v2.56 Cross-referencing by name of section
 (C:\Users\SAKIB\AppData\Local\Programs\MiKTeX\tex/latex/refcount\refcount.sty
Package: refcount 2019/12/15 v3.6 Data extraction from label references (HO)
) (C:\Users\SAKIB\AppData\Local\Programs\MiKTeX\tex/generic/gettitlestring\gettitlestring.sty
Package: gettitlestring 2019/12/15 v1.6 Cleanup title references (HO)
 (C:\Users\SAKIB\AppData\Local\Programs\MiKTeX\tex/latex/kvoptions\kvoptions.sty
Package: kvoptions 2022-06-15 v3.15 Key value format for package options (HO)
))
\c@section@level=\count304
) (C:\Users\SAKIB\AppData\Local\Programs\MiKTeX\tex/latex/etoolbox\etoolbox.sty
Package: etoolbox 2020/10/05 v2.5k e-TeX tools for LaTeX (JAW)
\etb@tempcnta=\count305
) (C:\Users\SAKIB\AppData\Local\Programs\MiKTeX\tex/generic/stringenc\stringenc.sty
Package: stringenc 2019/11/29 v1.12 Convert strings between diff. encodings (HO)
)
\@linkdim=\dimen257
\Hy@linkcounter=\count306
\Hy@pagecounter=\count307
 (C:\Users\SAKIB\AppData\Local\Programs\MiKTeX\tex/latex/hyperref\pd1enc.def
File: pd1enc.def 2024-05-23 v7.01i Hyperref: PDFDocEncoding definition (HO)
Now handling font encoding PD1 ...
... no UTF-8 mapping file for font encoding PD1
) (C:\Users\SAKIB\AppData\Local\Programs\MiKTeX\tex/generic/intcalc\intcalc.sty
Package: intcalc 2019/12/15 v1.3 Expandable calculations with integers (HO)
)
\Hy@SavedSpaceFactor=\count308
 (C:\Users\SAKIB\AppData\Local\Programs\MiKTeX\tex/latex/hyperref\puenc.def
File: puenc.def 2024-05-23 v7.01i Hyperref: PDF Unicode definition (HO)
Now handling font encoding PU ...
... no UTF-8 mapping file for font encoding PU
)
Package hyperref Info: Option `bookmarks' set `true' on input line 4040.
Package hyperref Info: Hyper figures OFF on input line 4157.
Package hyperref Info: Link nesting OFF on input line 4162.
Package hyperref Info: Hyper index ON on input line 4165.
Package hyperref Info: Plain pages OFF on input line 4172.
Package hyperref Info: Backreferencing OFF on input line 4177.
Package hyperref Info: Implicit mode ON; LaTeX internals redefined.
Package hyperref Info: Bookmarks ON on input line 4424.
\c@Hy@tempcnt=\count309
 (C:\Users\SAKIB\AppData\Local\Programs\MiKTeX\tex/latex/url\url.sty
\Urlmuskip=\muskip17
Package: url 2013/09/16  ver 3.4  Verb mode for urls, etc.
)
LaTeX Info: Redefining \url on input line 4763.
\XeTeXLinkMargin=\dimen258
 (C:\Users\SAKIB\AppData\Local\Programs\MiKTeX\tex/generic/bitset\bitset.sty
Package: bitset 2019/12/09 v1.3 Handle bit-vector datatype (HO)
 (C:\Users\SAKIB\AppData\Local\Programs\MiKTeX\tex/generic/bigintcalc\bigintcalc.sty
Package: bigintcalc 2019/12/15 v1.5 Expandable calculations on big integers (HO)
))
\Fld@menulength=\count310
\Field@Width=\dimen259
\Fld@charsize=\dimen260
Package hyperref Info: Hyper figures OFF on input line 6042.
Package hyperref Info: Link nesting OFF on input line 6047.
Package hyperref Info: Hyper index ON on input line 6050.
Package hyperref Info: backreferencing OFF on input line 6057.
Package hyperref Info: Link coloring OFF on input line 6062.
Package hyperref Info: Link coloring with OCG OFF on input line 6067.
Package hyperref Info: PDF/A mode OFF on input line 6072.
 (C:\Users\SAKIB\AppData\Local\Programs\MiKTeX\tex/latex/base\atbegshi-ltx.sty
Package: atbegshi-ltx 2021/01/10 v1.0c Emulation of the original atbegshi
package with kernel methods
)
\Hy@abspage=\count311
\c@Item=\count312
\c@Hfootnote=\count313
)
Package hyperref Info: Driver (autodetected): hpdftex.
 (C:\Users\SAKIB\AppData\Local\Programs\MiKTeX\tex/latex/hyperref\hpdftex.def
File: hpdftex.def 2024-05-23 v7.01i Hyperref driver for pdfTeX

(C:\Users\SAKIB\AppData\Local\Programs\MiKTeX\tex/latex/base\atveryend-ltx.sty
Package: atveryend-ltx 2020/08/19 v1.0a Emulation of the original atveryend package
with kernel methods
)
\Fld@listcount=\count314
\c@bookmark@seq@number=\count315
 (C:\Users\SAKIB\AppData\Local\Programs\MiKTeX\tex/latex/rerunfilecheck\rerunfilecheck.sty
Package: rerunfilecheck 2022-07-10 v1.10 Rerun checks for auxiliary files (HO)
 (C:\Users\SAKIB\AppData\Local\Programs\MiKTeX\tex/generic/uniquecounter\uniquecounter.sty
Package: uniquecounter 2019/12/15 v1.4 Provide unlimited unique counter (HO)
)
Package uniquecounter Info: New unique counter `rerunfilecheck' on input line 285.
)
\Hy@SectionHShift=\skip72
) (C:\Users\SAKIB\AppData\Local\Programs\MiKTeX\tex/latex/base\inputenc.sty
Package: inputenc 2024/02/08 v1.3d Input encoding file
\inpenc@prehook=\toks33
\inpenc@posthook=\toks34
) (C:\Users\SAKIB\AppData\Local\Programs\MiKTeX\tex/latex/colortbl\colortbl.sty
Package: colortbl 2024/07/06 v1.0i Color table columns (DPC)
\everycr=\toks35
\minrowclearance=\skip73
\rownum=\count316
)

LaTeX Warning: Package "xcolor" has already been loaded: ignoring load-time
(LaTeX)        option "xcdraw".

(C:\Users\SAKIB\AppData\Local\Programs\MiKTeX\tex/generic/babel\babel.sty
Package: babel 2024/06/02 v24.6 The Babel package
\babel@savecnt=\count317
\U@D=\dimen261
\l@unhyphenated=\language79
 (C:\Users\SAKIB\AppData\Local\Programs\MiKTeX\tex/generic/babel\txtbabel.def)
\bbl@readstream=\read3
\bbl@dirlevel=\count318

*************************************
* Local config file bblopts.cfg used
*
(C:\Users\SAKIB\AppData\Local\Programs\MiKTeX\tex/latex/arabi\bblopts.cfg
File: bblopts.cfg 2005/09/08 v0.1 add Arabic and Farsi to "declared" options of babel
) (C:\Users\SAKIB\AppData\Local\Programs\MiKTeX\tex/latex/babel-english\english.ldf
Language: english 2017/06/06 v3.3r English support from the babel system
Package babel Info: Hyphen rules for 'canadian' set to \l@english
(babel)             (\language0). Reported on input line 102.
Package babel Info: Hyphen rules for 'australian' set to \l@ukenglish
(babel)             (\language73). Reported on input line 105.
Package babel Info: Hyphen rules for 'newzealand' set to \l@ukenglish
(babel)             (\language73). Reported on input line 108.
)) (C:\Users\SAKIB\AppData\Local\Programs\MiKTeX\tex/generic/babel/locale/en\babel-english.tex
Package babel Info: Importing font and identification data for english
(babel)             from babel-en.ini. Reported on input line 11.
) (C:\Users\SAKIB\AppData\Local\Programs\MiKTeX\tex/latex/enumitem\enumitem.sty
Package: enumitem 2019/06/20 v3.9 Customized lists
\labelindent=\skip74
\enit@outerparindent=\dimen262
\enit@toks=\toks36
\enit@inbox=\box74
\enit@count@id=\count319
\enitdp@description=\count320
) (C:\Users\SAKIB\AppData\Local\Programs\MiKTeX\tex/latex/geometry\geometry.sty
Package: geometry 2020/01/02 v5.9 Page Geometry
 (C:\Users\SAKIB\AppData\Local\Programs\MiKTeX\tex/generic/iftex\ifvtex.sty
Package: ifvtex 2019/10/25 v1.7 ifvtex legacy package. Use iftex instead.
)
\Gm@cnth=\count321
\Gm@cntv=\count322
\c@Gm@tempcnt=\count323
\Gm@bindingoffset=\dimen263
\Gm@wd@mp=\dimen264
\Gm@odd@mp=\dimen265
\Gm@even@mp=\dimen266
\Gm@layoutwidth=\dimen267
\Gm@layoutheight=\dimen268
\Gm@layouthoffset=\dimen269
\Gm@layoutvoffset=\dimen270
\Gm@dimlist=\toks37
 (C:\Users\SAKIB\AppData\Local\Programs\MiKTeX\tex/latex/geometry\geometry.cfg)) (C:\Users\SAKIB\AppData\Local\Programs\MiKTeX\tex/generic/pgf/frontendlayer/tikz/libraries\tikzlibraryshapes.code.tex
File: tikzlibraryshapes.code.tex 2023-01-15 v3.1.10 (3.1.10)
 (C:\Users\SAKIB\AppData\Local\Programs\MiKTeX\tex/generic/pgf/frontendlayer/tikz/libraries\tikzlibraryshapes.geometric.code.tex
File: tikzlibraryshapes.geometric.code.tex 2023-01-15 v3.1.10 (3.1.10)
 (C:\Users\SAKIB\AppData\Local\Programs\MiKTeX\tex/generic/pgf/libraries/shapes\pgflibraryshapes.geometric.code.tex
File: pgflibraryshapes.geometric.code.tex 2023-01-15 v3.1.10 (3.1.10)
)) (C:\Users\SAKIB\AppData\Local\Programs\MiKTeX\tex/generic/pgf/frontendlayer/tikz/libraries\tikzlibraryshapes.misc.code.tex
File: tikzlibraryshapes.misc.code.tex 2023-01-15 v3.1.10 (3.1.10)
 (C:\Users\SAKIB\AppData\Local\Programs\MiKTeX\tex/generic/pgf/libraries/shapes\pgflibraryshapes.misc.code.tex
File: pgflibraryshapes.misc.code.tex 2023-01-15 v3.1.10 (3.1.10)
)) (C:\Users\SAKIB\AppData\Local\Programs\MiKTeX\tex/generic/pgf/frontendlayer/tikz/libraries\tikzlibraryshapes.symbols.code.tex
File: tikzlibraryshapes.symbols.code.tex 2023-01-15 v3.1.10 (3.1.10)
 (C:\Users\SAKIB\AppData\Local\Programs\MiKTeX\tex/generic/pgf/libraries/shapes\pgflibraryshapes.symbols.code.tex
File: pgflibraryshapes.symbols.code.tex 2023-01-15 v3.1.10 (3.1.10)
)) (C:\Users\SAKIB\AppData\Local\Programs\MiKTeX\tex/generic/pgf/frontendlayer/tikz/libraries\tikzlibraryshapes.arrows.code.tex
File: tikzlibraryshapes.arrows.code.tex 2023-01-15 v3.1.10 (3.1.10)
 (C:\Users\SAKIB\AppData\Local\Programs\MiKTeX\tex/generic/pgf/libraries/shapes\pgflibraryshapes.arrows.code.tex
File: pgflibraryshapes.arrows.code.tex 2023-01-15 v3.1.10 (3.1.10)
)) (C:\Users\SAKIB\AppData\Local\Programs\MiKTeX\tex/generic/pgf/frontendlayer/tikz/libraries\tikzlibraryshapes.callouts.code.tex (C:\Users\SAKIB\AppData\Local\Programs\MiKTeX\tex/generic/pgf/libraries/shapes\pgflibraryshapes.callouts.code.tex)) (C:\Users\SAKIB\AppData\Local\Programs\MiKTeX\tex/generic/pgf/frontendlayer/tikz/libraries\tikzlibraryshapes.multipart.code.tex
File: tikzlibraryshapes.multipart.code.tex 2023-01-15 v3.1.10 (3.1.10)
 (C:\Users\SAKIB\AppData\Local\Programs\MiKTeX\tex/generic/pgf/libraries/shapes\pgflibraryshapes.multipart.code.tex
File: pgflibraryshapes.multipart.code.tex 2023-01-15 v3.1.10 (3.1.10)
\pgfnodepartlowerbox=\box75
\pgfnodeparttwobox=\box76
\pgfnodepartthreebox=\box77
\pgfnodepartfourbox=\box78
\pgfnodeparttwentybox=\box79
\pgfnodepartnineteenbox=\box80
\pgfnodeparteighteenbox=\box81
\pgfnodepartseventeenbox=\box82
\pgfnodepartsixteenbox=\box83
\pgfnodepartfifteenbox=\box84
\pgfnodepartfourteenbox=\box85
\pgfnodepartthirteenbox=\box86
\pgfnodeparttwelvebox=\box87
\pgfnodepartelevenbox=\box88
\pgfnodeparttenbox=\box89
\pgfnodepartninebox=\box90
\pgfnodeparteightbox=\box91
\pgfnodepartsevenbox=\box92
\pgfnodepartsixbox=\box93
\pgfnodepartfivebox=\box94
))) (C:\Users\SAKIB\AppData\Local\Programs\MiKTeX\tex/generic/pgf/libraries\pgflibraryarrows.meta.code.tex
File: pgflibraryarrows.meta.code.tex 2023-01-15 v3.1.10 (3.1.10)
\pgfarrowinset=\dimen271
\pgfarrowlength=\dimen272
\pgfarrowwidth=\dimen273
\pgfarrowlinewidth=\dimen274
) (C:\Users\SAKIB\AppData\Local\Programs\MiKTeX\tex/generic/pgf/frontendlayer/tikz/libraries\tikzlibrarypositioning.code.tex
File: tikzlibrarypositioning.code.tex 2023-01-15 v3.1.10 (3.1.10)
) (C:\Users\SAKIB\AppData\Local\Programs\MiKTeX\tex/generic/pgf/frontendlayer/tikz/libraries\tikzlibrarybackgrounds.code.tex
File: tikzlibrarybackgrounds.code.tex 2023-01-15 v3.1.10 (3.1.10)
\pgf@layerbox@background=\box95
\pgf@layerboxsaved@background=\box96
)

Package hyperref Warning: Option `bookmarks' has already been used,
(hyperref)                setting the option has no effect on input line 67.

Package hyperref Info: Option `colorlinks' set `true' on input line 67.
(C:\Users\SAKIB\AppData\Local\Programs\MiKTeX\tex/latex/l3backend\l3backend-pdftex.def
File: l3backend-pdftex.def 2024-05-08 L3 backend support: PDF output (pdfTeX)
\l__color_backend_stack_int=\count324
\l__pdf_internal_box=\box97
) (final.aux)
\openout1 = `final.aux'.

LaTeX Font Info:    Checking defaults for OML/cmm/m/it on input line 79.
LaTeX Font Info:    ... okay on input line 79.
LaTeX Font Info:    Checking defaults for OMS/cmsy/m/n on input line 79.
LaTeX Font Info:    ... okay on input line 79.
LaTeX Font Info:    Checking defaults for OT1/cmr/m/n on input line 79.
LaTeX Font Info:    ... okay on input line 79.
LaTeX Font Info:    Checking defaults for T1/cmr/m/n on input line 79.
LaTeX Font Info:    ... okay on input line 79.
LaTeX Font Info:    Checking defaults for TS1/cmr/m/n on input line 79.
LaTeX Font Info:    ... okay on input line 79.
LaTeX Font Info:    Checking defaults for OMX/cmex/m/n on input line 79.
LaTeX Font Info:    ... okay on input line 79.
LaTeX Font Info:    Checking defaults for U/cmr/m/n on input line 79.
LaTeX Font Info:    ... okay on input line 79.
LaTeX Font Info:    Checking defaults for PD1/pdf/m/n on input line 79.
LaTeX Font Info:    ... okay on input line 79.
LaTeX Font Info:    Checking defaults for PU/pdf/m/n on input line 79.
LaTeX Font Info:    ... okay on input line 79.
Package scrbase Info: activating english \abstractname on input line 79.
Package scrbase Info: activating english \partname on input line 79.
Package scrbase Info: activating english \chaptername on input line 79.
Package scrbase Info: activating english \appendixname on input line 79.
Package scrbase Info: activating english \figurename on input line 79.
Package scrbase Info: activating english \tablename on input line 79.
Package scrbase Info: activating english \contentsname on input line 79.
Package scrbase Info: activating english \listfigurename on input line 79.
Package scrbase Info: activating english \listtablename on input line 79.
Package scrbase Info: activating english \bibname on input line 79.
Package scrbase Info: activating english \indexname on input line 79.
\c@lstlisting=\count325
Package tocbasic Info: setting babel extension for `lol' on input line 79.
\scr@dte@lstlisting@maxnumwidth=\skip75
 (C:\Users\SAKIB\AppData\Local\Programs\MiKTeX\tex/context/base/mkii\supp-pdf.mkii
[Loading MPS to PDF converter (version 2006.09.02).]
\scratchcounter=\count326
\scratchdimen=\dimen275
\scratchbox=\box98
\nofMPsegments=\count327
\nofMParguments=\count328
\everyMPshowfont=\toks38
\MPscratchCnt=\count329
\MPscratchDim=\dimen276
\MPnumerator=\count330
\makeMPintoPDFobject=\count331
\everyMPtoPDFconversion=\toks39
) (C:\Users\SAKIB\AppData\Local\Programs\MiKTeX\tex/latex/epstopdf-pkg\epstopdf-base.sty
Package: epstopdf-base 2020-01-24 v2.11 Base part for package epstopdf
Package epstopdf-base Info: Redefining graphics rule for `.eps' on input line 485.
 (C:\Users\SAKIB\AppData\Local\Programs\MiKTeX\tex/latex/00miktex\epstopdf-sys.cfg
File: epstopdf-sys.cfg 2021/03/18 v2.0 Configuration of epstopdf for MiKTeX
))
Package hyperref Info: Link coloring ON on input line 79.
 (final.out) (final.out)
\@outlinefile=\write4
\openout4 = `final.out'.

Class scrreprt Info: loading recommended package `bookmark'.
(scrreprt)           Using `bookmark' together with `hyperref' is recommended,
(scrreprt)           because of handling of possible bookmark level gaps.
(scrreprt)           You can avoid loading `bookmark' with KOMA-Script option
(scrreprt)           `bookmarkpackage=false' before \begin{document} and
(scrreprt)           you can avoid this message adding:
(scrreprt)             \usepackage{bookmark}
(scrreprt)           before \begin{document} on input line 79.
 (C:\Users\SAKIB\AppData\Local\Programs\MiKTeX\tex/latex/bookmark\bookmark.sty
Package: bookmark 2023-12-10 v1.31 PDF bookmarks (HO)
 (C:\Users\SAKIB\AppData\Local\Programs\MiKTeX\tex/latex/bookmark\bkm-pdftex.def
File: bkm-pdftex.def 2023-12-10 v1.31 bookmark driver for pdfTeX and luaTeX (HO)
\BKM@id=\count332
))
*geometry* driver: auto-detecting
*geometry* detected driver: pdftex
*geometry* verbose mode - [ preamble ] result:
* driver: pdftex
* paper: a4paper
* layout: <same size as paper>
* layoutoffset:(h,v)=(0.0pt,0.0pt)
* modes: 
* h-part:(L,W,R)=(72.26999pt, 452.9679pt, 72.26999pt)
* v-part:(T,H,B)=(72.26999pt, 700.50687pt, 72.26999pt)
* \paperwidth=597.50787pt
* \paperheight=845.04684pt
* \textwidth=452.9679pt
* \textheight=700.50687pt
* \oddsidemargin=0.0pt
* \evensidemargin=0.0pt
* \topmargin=-37.40001pt
* \headheight=17.0pt
* \headsep=20.40001pt
* \topskip=11.0pt
* \footskip=47.6pt
* \marginparwidth=59.7508pt
* \marginparsep=12.8401pt
* \columnsep=10.0pt
* \skip\footins=10.0pt plus 4.0pt minus 2.0pt
* \hoffset=0.0pt
* \voffset=0.0pt
* \mag=1000
* \@twocolumnfalse
* \@twosidefalse
* \@mparswitchfalse
* \@reversemarginfalse
* (1in=72.27pt=25.4mm, 1cm=28.453pt)

<./logo.png, id=6, 249.93375pt x 127.677pt>
File: ./logo.png Graphic file (type png)
<use ./logo.png>
Package pdftex.def Info: ./logo.png  used on input line 84.
(pdftex.def)             Requested size: 226.48395pt x 115.70114pt.
LaTeX Font Info:    External font `cmex10' loaded for size
(Font)              <12> on input line 103.
LaTeX Font Info:    External font `cmex10' loaded for size
(Font)              <8> on input line 103.
LaTeX Font Info:    External font `cmex10' loaded for size
(Font)              <6> on input line 103.

Overfull \hbox (6.9752pt too wide) in paragraph at lines 103--118
 [] 
 []


Overfull \hbox (45.29955pt too wide) in paragraph at lines 121--136
 [][][] 
 []



[1



{C:/Users/SAKIB/AppData/Local/MiKTeX/fonts/map/pdftex/pdftex.map} <./logo.png>] (final.toc
LaTeX Font Info:    External font `cmex10' loaded for size
(Font)              <10.95> on input line 4.
)
\tf@toc=\write5
\openout5 = `final.toc'.



[2

]
chapter 1.


[3

]
chapter 2.
<SAD.png, id=58, 2252.415pt x 2599.7125pt>
File: SAD.png Graphic file (type png)
<use SAD.png>
Package pdftex.def Info: SAD.png  used on input line 175.
(pdftex.def)             Requested size: 501.85674pt x 481.77232pt.

Overfull \hbox (48.88884pt too wide) in paragraph at lines 175--176
[] 
 []



[4

 <./SAD.png>]

[5]
chapter 3.
<L0.png, id=68, 1464.47125pt x 1278.7775pt>
File: L0.png Graphic file (type png)
<use L0.png>
Package pdftex.def Info: L0.png  used on input line 208.
(pdftex.def)             Requested size: 501.86888pt x 481.80385pt.

Overfull \hbox (48.90099pt too wide) in paragraph at lines 208--209
 [] 
 []

<L1.png, id=69, 2218.2875pt x 1951.29pt>
File: L1.png Graphic file (type png)
<use L1.png>
Package pdftex.def Info: L1.png  used on input line 218.
(pdftex.def)             Requested size: 501.86871pt x 481.77713pt.

Overfull \hbox (48.90082pt too wide) in paragraph at lines 218--219
 [] 
 []



[6

 <./L0.png>]

[7 <./L1.png>]
chapter 4.

Underfull \hbox (badness 3396) in paragraph at lines 235--235
[]|\OT1/cmr/bx/n/10.95 Test Sce-
 []


Underfull \hbox (badness 10000) in paragraph at lines 237--237
[]|\OT1/cmr/bx/n/10.95 Pre-
 []


Overfull \hbox (1.15953pt too wide) in paragraph at lines 237--237
\OT1/cmr/bx/n/10.95 Condition:| 
 []


Underfull \hbox (badness 3354) in paragraph at lines 239--239
[]|\OT1/cmr/m/n/10.95 1. Nav-i-
 []


Underfull \hbox (badness 10000) in paragraph at lines 239--239
\OT1/cmr/m/n/10.95 reg-is-tra-tion
 []


Underfull \hbox (badness 2644) in paragraph at lines 239--239
[]|\OT1/cmr/m/n/10.95 The reg-is-tra-tion page
 []


Underfull \hbox (badness 2922) in paragraph at lines 240--240
[]|\OT1/cmr/m/n/10.95 2. En-ter
 []


Underfull \hbox (badness 3281) in paragraph at lines 240--240
[]|\OT1/cmr/m/n/10.95 The user-name is ac-
 []


Underfull \hbox (badness 4048) in paragraph at lines 240--240
[]|\OT1/cmr/m/n/10.95 The sys-tem ac-
 []


Underfull \hbox (badness 7273) in paragraph at lines 240--240
\OT1/cmr/m/n/10.95 cepts the user-
 []


Underfull \hbox (badness 4048) in paragraph at lines 241--241
[]|\OT1/cmr/m/n/10.95 The sys-tem ac-
 []


Underfull \hbox (badness 4416) in paragraph at lines 241--241
\OT1/cmr/m/n/10.95 cepts the email
 []


Underfull \hbox (badness 4168) in paragraph at lines 242--242
[]|\OT1/cmr/m/n/10.95 The pass-word is ac-
 []


Underfull \hbox (badness 4048) in paragraph at lines 242--242
[]|\OT1/cmr/m/n/10.95 The sys-tem ac-
 []


Underfull \hbox (badness 6396) in paragraph at lines 242--242
\OT1/cmr/m/n/10.95 cepts the pass-
 []


Underfull \hbox (badness 4291) in paragraph at lines 243--243
[]|\OT1/cmr/m/n/10.95 5. Click
 []


Underfull \hbox (badness 10000) in paragraph at lines 243--243
\OT1/cmr/m/n/10.95 reg-is-tered and redi-
 []


Underfull \hbox (badness 10000) in paragraph at lines 243--243
\OT1/cmr/m/n/10.95 with a con-fir-ma-tion
 []


Underfull \hbox (badness 3735) in paragraph at lines 243--243
[]|\OT1/cmr/m/n/10.95 User ac-count is
 []


Overfull \hbox (48.48378pt too wide) in alignment at lines 231--244
 [] [] [] [] 
 []



[8

]
Underfull \hbox (badness 3396) in paragraph at lines 254--254
[]|\OT1/cmr/bx/n/10.95 Test Sce-
 []


Underfull \hbox (badness 10000) in paragraph at lines 256--256
[]|\OT1/cmr/bx/n/10.95 Pre-
 []


Overfull \hbox (1.15953pt too wide) in paragraph at lines 256--256
\OT1/cmr/bx/n/10.95 Condition:| 
 []


Underfull \hbox (badness 1888) in paragraph at lines 258--258
[]|\OT1/cmr/m/n/10.95 The lo-gin page loads
 []


Underfull \hbox (badness 10000) in paragraph at lines 259--259
[]|\OT1/cmr/m/n/10.95 2. En-
 []


Underfull \hbox (badness 10000) in paragraph at lines 259--259
\OT1/cmr/m/n/10.95 ter the
 []


Underfull \hbox (badness 10000) in paragraph at lines 259--259
\OT1/cmr/m/n/10.95 reg-is-tered
 []


Underfull \hbox (badness 4048) in paragraph at lines 259--259
[]|\OT1/cmr/m/n/10.95 The sys-tem ac-
 []


Underfull \hbox (badness 4416) in paragraph at lines 259--259
\OT1/cmr/m/n/10.95 cepts the email
 []


Underfull \hbox (badness 2922) in paragraph at lines 260--260
[]|\OT1/cmr/m/n/10.95 3. En-ter
 []


Underfull \hbox (badness 2221) in paragraph at lines 260--260
\OT1/cmr/m/n/10.95 the cor-rect
 []


Underfull \hbox (badness 4048) in paragraph at lines 260--260
[]|\OT1/cmr/m/n/10.95 The sys-tem ac-
 []


Underfull \hbox (badness 6396) in paragraph at lines 260--260
\OT1/cmr/m/n/10.95 cepts the pass-
 []


Underfull \hbox (badness 4291) in paragraph at lines 261--261
[]|\OT1/cmr/m/n/10.95 4. Click
 []


Underfull \hbox (badness 4108) in paragraph at lines 261--261
\OT1/cmr/m/n/10.95 ti-ated, and the
 []


Overfull \hbox (48.48378pt too wide) in alignment at lines 250--262
 [] [] [] [] 
 []


Underfull \hbox (badness 3396) in paragraph at lines 271--271
[]|\OT1/cmr/bx/n/10.95 Test Sce-
 []


Underfull \hbox (badness 10000) in paragraph at lines 273--273
[]|\OT1/cmr/bx/n/10.95 Pre-
 []


Overfull \hbox (1.15953pt too wide) in paragraph at lines 273--273
\OT1/cmr/bx/n/10.95 Condition:| 
 []


Underfull \hbox (badness 1092) in paragraph at lines 275--275
[]|\OT1/cmr/m/n/10.95 The home page loads
 []


Underfull \hbox (badness 7030) in paragraph at lines 275--275
\OT1/cmr/m/n/10.95 suc-cess-fully with the
 []


Underfull \hbox (badness 3547) in paragraph at lines 275--275
\OT1/cmr/m/n/10.95 "Pack-ages" menu op-
 []


Underfull \hbox (badness 4072) in paragraph at lines 275--275
[]|\OT1/cmr/m/n/10.95 The vis-i-tor can
 []


Underfull \hbox (badness 3471) in paragraph at lines 276--276
\OT1/cmr/m/n/10.95 the "Pack-
 []


Underfull \hbox (badness 3407) in paragraph at lines 276--276
\OT1/cmr/m/n/10.95 ages, in-clud-ing des-ti-
 []


Underfull \hbox (badness 1629) in paragraph at lines 276--276
\OT1/cmr/m/n/10.95 na-tion, du-ra-tion, and
 []


Underfull \hbox (badness 10000) in paragraph at lines 276--276
[]|\OT1/cmr/m/n/10.95 System dis-plays
 []


Underfull \hbox (badness 10000) in paragraph at lines 276--276
\OT1/cmr/m/n/10.95 travel pack-ages
 []


Overfull \hbox (48.48378pt too wide) in alignment at lines 267--277
 [] [] [] [] 
 []

[9]
Underfull \hbox (badness 3396) in paragraph at lines 286--286
[]|\OT1/cmr/bx/n/10.95 Test Sce-
 []


Underfull \hbox (badness 10000) in paragraph at lines 288--288
[]|\OT1/cmr/bx/n/10.95 Pre-
 []


Overfull \hbox (1.15953pt too wide) in paragraph at lines 288--288
\OT1/cmr/bx/n/10.95 Condition:| 
 []


Underfull \hbox (badness 4686) in paragraph at lines 290--290
[]|\OT1/cmr/m/n/10.95 The user suc-cess-fully
 []


Underfull \hbox (badness 4779) in paragraph at lines 290--290
\OT1/cmr/m/n/10.95 logs in and ac-cesses
 []


Underfull \hbox (badness 5403) in paragraph at lines 291--291
[]|\OT1/cmr/m/n/10.95 2. Nav-
 []


Underfull \hbox (badness 10000) in paragraph at lines 291--291
\OT1/cmr/m/n/10.95 i-gate to
 []


Underfull \hbox (badness 10000) in paragraph at lines 291--291
\OT1/cmr/m/n/10.95 avail-able travel
 []


Underfull \hbox (badness 4913) in paragraph at lines 292--292
[]|\OT1/cmr/m/n/10.95 The se-lected pack-age
 []


Underfull \hbox (badness 5147) in paragraph at lines 292--292
\OT1/cmr/m/n/10.95 de-tails are dis-played,
 []


Underfull \hbox (badness 1748) in paragraph at lines 292--292
\OT1/cmr/m/n/10.95 in-clud-ing book-ing op-
 []


Underfull \hbox (badness 10000) in paragraph at lines 292--292
[]|\OT1/cmr/m/n/10.95 The user can
 []


Underfull \hbox (badness 4291) in paragraph at lines 293--293
[]|\OT1/cmr/m/n/10.95 4. Click
 []


Underfull \hbox (badness 10000) in paragraph at lines 293--293
\OT1/cmr/m/n/10.95 "Book
 []


Underfull \hbox (badness 2922) in paragraph at lines 294--294
[]|\OT1/cmr/m/n/10.95 5. En-ter
 []


Underfull \hbox (badness 10000) in paragraph at lines 294--294
\OT1/cmr/m/n/10.95 to con-firm the
 []


Underfull \hbox (badness 5161) in paragraph at lines 295--295
[]|\OT1/cmr/m/n/10.95 6. Con-
 []


Underfull \hbox (badness 10000) in paragraph at lines 295--295
\OT1/cmr/m/n/10.95 firm the
 []


Underfull \hbox (badness 5417) in paragraph at lines 295--295
[]|\OT1/cmr/m/n/10.95 The book-ing is
 []


Underfull \hbox (badness 4416) in paragraph at lines 295--295
\OT1/cmr/m/n/10.95 recorded in the
 []


Underfull \hbox (badness 1237) in paragraph at lines 295--295
\OT1/cmr/m/n/10.95 sys-tem, and the
 []


Underfull \hbox (badness 10000) in paragraph at lines 295--295
\OT1/cmr/m/n/10.95 book-ing con-fir-
 []


Overfull \hbox (48.48378pt too wide) in alignment at lines 282--296
 [] [] [] [] 
 []

[10]
Underfull \hbox (badness 3396) in paragraph at lines 305--305
[]|\OT1/cmr/bx/n/10.95 Test Sce-
 []


Underfull \hbox (badness 10000) in paragraph at lines 307--307
[]|\OT1/cmr/bx/n/10.95 Pre-
 []


Overfull \hbox (1.15953pt too wide) in paragraph at lines 307--307
\OT1/cmr/bx/n/10.95 Condition:| 
 []


Underfull \hbox (badness 4686) in paragraph at lines 309--309
[]|\OT1/cmr/m/n/10.95 The user suc-cess-fully
 []


Underfull \hbox (badness 4779) in paragraph at lines 309--309
\OT1/cmr/m/n/10.95 logs in and ac-cesses
 []


Underfull \hbox (badness 3354) in paragraph at lines 310--310
[]|\OT1/cmr/m/n/10.95 2. Nav-i-
 []


Underfull \hbox (badness 10000) in paragraph at lines 310--310
[]|\OT1/cmr/m/n/10.95 The user can
 []


Underfull \hbox (badness 3977) in paragraph at lines 311--311
[]|\OT1/cmr/m/n/10.95 The se-lected book-ing
 []


Underfull \hbox (badness 10000) in paragraph at lines 311--311
\OT1/cmr/m/n/10.95 de-tails are dis-played
 []


Underfull \hbox (badness 4291) in paragraph at lines 312--312
[]|\OT1/cmr/m/n/10.95 4. Click
 []


Underfull \hbox (badness 10000) in paragraph at lines 312--312
\OT1/cmr/m/n/10.95 "Can-cel
 []


Underfull \hbox (badness 10000) in paragraph at lines 312--312
[]|\OT1/cmr/m/n/10.95 The user can
 []


Underfull \hbox (badness 10000) in paragraph at lines 312--312
\OT1/cmr/m/n/10.95 the can-cel-la-tion
 []


Underfull \hbox (badness 5161) in paragraph at lines 313--313
[]|\OT1/cmr/m/n/10.95 5. Con-
 []


Underfull \hbox (badness 1701) in paragraph at lines 313--313
\OT1/cmr/m/n/10.95 fully can-celed, and a
 []


Underfull \hbox (badness 5417) in paragraph at lines 313--313
[]|\OT1/cmr/m/n/10.95 The book-ing is
 []


Underfull \hbox (badness 10000) in paragraph at lines 313--313
\OT1/cmr/m/n/10.95 re-moved from
 []


Underfull \hbox (badness 1028) in paragraph at lines 313--313
\OT1/cmr/m/n/10.95 the user's ac-tive
 []


Underfull \hbox (badness 10000) in paragraph at lines 313--313
\OT1/cmr/m/n/10.95 can-cel-la-tion is
 []


Underfull \hbox (badness 4416) in paragraph at lines 313--313
\OT1/cmr/m/n/10.95 recorded in the
 []


Overfull \hbox (48.48378pt too wide) in alignment at lines 301--314
 [] [] [] [] 
 []


Underfull \hbox (badness 3396) in paragraph at lines 320--320
[]|\OT1/cmr/bx/n/10.95 Test Sce-
 []


Underfull \hbox (badness 10000) in paragraph at lines 322--322
[]|\OT1/cmr/bx/n/10.95 Pre-
 []


Overfull \hbox (1.15953pt too wide) in paragraph at lines 322--322
\OT1/cmr/bx/n/10.95 Condition:| 
 []


Underfull \hbox (badness 10000) in paragraph at lines 325--325
\OT1/cmr/m/n/10.95 Pack-age"
 []


Underfull \hbox (badness 10000) in paragraph at lines 325--325
[]|\OT1/cmr/m/n/10.95 The "Add Pack-age"
 []


Underfull \hbox (badness 2922) in paragraph at lines 326--326
[]|\OT1/cmr/m/n/10.95 3. En-ter
 []


Underfull \hbox (badness 10000) in paragraph at lines 326--326
[]|\OT1/cmr/m/n/10.95 The sys-tem is
 []


Underfull \hbox (badness 4291) in paragraph at lines 327--327
[]|\OT1/cmr/m/n/10.95 4. Click
 []


Underfull \hbox (badness 2884) in paragraph at lines 327--327
\OT1/cmr/m/n/10.95 is saved in the
 []


Overfull \hbox (48.48378pt too wide) in alignment at lines 316--328
 [] [] [] [] 
 []



[11]
Underfull \hbox (badness 3396) in paragraph at lines 337--337
[]|\OT1/cmr/bx/n/10.95 Test Sce-
 []


Underfull \hbox (badness 10000) in paragraph at lines 339--339
[]|\OT1/cmr/bx/n/10.95 Pre-
 []


Overfull \hbox (1.15953pt too wide) in paragraph at lines 339--339
\OT1/cmr/bx/n/10.95 Condition:| 
 []


Underfull \hbox (badness 3354) in paragraph at lines 342--342
[]|\OT1/cmr/m/n/10.95 2. Nav-i-
 []


Underfull \hbox (badness 10000) in paragraph at lines 342--342
\OT1/cmr/m/n/10.95 "Pack-ages"
 []


Underfull \hbox (badness 4279) in paragraph at lines 342--342
[]|\OT1/cmr/m/n/10.95 The list of avail-able
 []


Underfull \hbox (badness 4328) in paragraph at lines 343--343
\OT1/cmr/m/n/10.95 pack-age to
 []


Underfull \hbox (badness 4913) in paragraph at lines 343--343
[]|\OT1/cmr/m/n/10.95 The se-lected pack-age
 []


Underfull \hbox (badness 10000) in paragraph at lines 343--343
\OT1/cmr/m/n/10.95 changes to the
 []


Underfull \hbox (badness 2970) in paragraph at lines 344--344
[]|\OT1/cmr/m/n/10.95 The up-dated pack-age
 []


Underfull \hbox (badness 10000) in paragraph at lines 344--344
[]|\OT1/cmr/m/n/10.95 The sys-tem is
 []


Underfull \hbox (badness 4291) in paragraph at lines 345--345
[]|\OT1/cmr/m/n/10.95 5. Click
 []


Underfull \hbox (badness 3547) in paragraph at lines 345--345
\OT1/cmr/m/n/10.95 fully up-dated in the
 []


Underfull \hbox (badness 10000) in paragraph at lines 345--345
[]|\OT1/cmr/m/n/10.95 The changes
 []


Underfull \hbox (badness 10000) in paragraph at lines 345--345
\OT1/cmr/m/n/10.95 are saved and
 []


Underfull \hbox (badness 5105) in paragraph at lines 345--345
\OT1/cmr/m/n/10.95 re-flected in the
 []


Underfull \hbox (badness 10000) in paragraph at lines 345--345
\OT1/cmr/m/n/10.95 avail-able travel
 []


Overfull \hbox (48.48378pt too wide) in alignment at lines 333--346
 [] [] [] [] 
 []

[12]
Underfull \hbox (badness 3396) in paragraph at lines 355--355
[]|\OT1/cmr/bx/n/10.95 Test Sce-
 []


Underfull \hbox (badness 10000) in paragraph at lines 357--357
[]|\OT1/cmr/bx/n/10.95 Pre-
 []


Overfull \hbox (1.15953pt too wide) in paragraph at lines 357--357
\OT1/cmr/bx/n/10.95 Condition:| 
 []


Underfull \hbox (badness 3354) in paragraph at lines 360--360
[]|\OT1/cmr/m/n/10.95 2. Nav-i-
 []


Underfull \hbox (badness 10000) in paragraph at lines 360--360
\OT1/cmr/m/n/10.95 "Pack-ages"
 []


Underfull \hbox (badness 4279) in paragraph at lines 360--360
[]|\OT1/cmr/m/n/10.95 The list of avail-able
 []


Underfull \hbox (badness 10000) in paragraph at lines 360--360
\OT1/cmr/m/n/10.95 a pack-age to
 []


Underfull \hbox (badness 4328) in paragraph at lines 361--361
\OT1/cmr/m/n/10.95 pack-age to
 []


Underfull \hbox (badness 7433) in paragraph at lines 361--361
[]|\OT1/cmr/m/n/10.95 The sys-tem prompts
 []


Underfull \hbox (badness 1810) in paragraph at lines 361--361
[]|\OT1/cmr/m/n/10.95 Admin can pro-
 []


Underfull \hbox (badness 5133) in paragraph at lines 361--361
\OT1/cmr/m/n/10.95 ceed with dele-
 []


Underfull \hbox (badness 1990) in paragraph at lines 362--362
\OT1/cmr/m/n/10.95 moved from the
 []


Underfull \hbox (badness 4726) in paragraph at lines 362--362
\OT1/cmr/m/n/10.95 list of avail-able
 []


Overfull \hbox (48.48378pt too wide) in alignment at lines 351--363
 [] [] [] [] 
 []

[13]
Underfull \hbox (badness 3396) in paragraph at lines 372--372
[]|\OT1/cmr/bx/n/10.95 Test Sce-
 []


Underfull \hbox (badness 10000) in paragraph at lines 374--374
[]|\OT1/cmr/bx/n/10.95 Pre-
 []


Overfull \hbox (1.15953pt too wide) in paragraph at lines 374--374
\OT1/cmr/bx/n/10.95 Condition:| 
 []


Underfull \hbox (badness 3354) in paragraph at lines 377--377
[]|\OT1/cmr/m/n/10.95 2. Nav-i-
 []


Underfull \hbox (badness 2302) in paragraph at lines 377--377
\OT1/cmr/m/n/10.95 the list of past
 []


Underfull \hbox (badness 3977) in paragraph at lines 378--378
[]|\OT1/cmr/m/n/10.95 The se-lected book-ing
 []


Overfull \hbox (48.48378pt too wide) in alignment at lines 368--379
 [] [] [] [] 
 []


Underfull \hbox (badness 3396) in paragraph at lines 388--388
[]|\OT1/cmr/bx/n/10.95 Test Sce-
 []


Underfull \hbox (badness 10000) in paragraph at lines 390--390
[]|\OT1/cmr/bx/n/10.95 Pre-
 []


Overfull \hbox (1.15953pt too wide) in paragraph at lines 390--390
\OT1/cmr/bx/n/10.95 Condition:| 
 []


Underfull \hbox (badness 2922) in paragraph at lines 392--392
[]|\OT1/cmr/m/n/10.95 1. En-ter
 []


Underfull \hbox (badness 7832) in paragraph at lines 392--392
\OT1/cmr/m/n/10.95 search cri-
 []


Underfull \hbox (badness 10000) in paragraph at lines 392--392
[]|\OT1/cmr/m/n/10.95 The sys-tem fil-ters
 []


Underfull \hbox (badness 1817) in paragraph at lines 392--392
\OT1/cmr/m/n/10.95 and dis-plays pack-ages
 []


Underfull \hbox (badness 10000) in paragraph at lines 392--392
\OT1/cmr/m/n/10.95 fil-tered pack-age
 []


Underfull \hbox (badness 2277) in paragraph at lines 393--393
[]|\OT1/cmr/m/n/10.95 2. Se-lect
 []


Underfull \hbox (badness 10000) in paragraph at lines 393--393
\OT1/cmr/m/n/10.95 a pack-
 []


Underfull \hbox (badness 10000) in paragraph at lines 393--393
\OT1/cmr/m/n/10.95 age from
 []


Underfull \hbox (badness 10000) in paragraph at lines 393--393
\OT1/cmr/m/n/10.95 the search
 []


Underfull \hbox (badness 5133) in paragraph at lines 393--393
[]|\OT1/cmr/m/n/10.95 Travel Pack-age: Mal-dives
 []


Underfull \hbox (badness 4913) in paragraph at lines 393--393
[]|\OT1/cmr/m/n/10.95 The se-lected pack-age
 []


Overfull \hbox (48.48378pt too wide) in alignment at lines 384--394
 [] [] [] [] 
 []

[14]

[15]
chapter 5.
<./SS/home.jpg, id=125, 963.6pt x 457.71pt>
File: ./SS/home.jpg Graphic file (type jpg)
<use ./SS/home.jpg>
Package pdftex.def Info: ./SS/home.jpg  used on input line 402.
(pdftex.def)             Requested size: 498.26656pt x 280.2084pt.

Overfull \hbox (45.29866pt too wide) in paragraph at lines 402--403
 [][] 
 []

<./SS/plans.jpg, id=126, 963.6pt x 457.71pt>
File: ./SS/plans.jpg Graphic file (type jpg)
<use ./SS/plans.jpg>
Package pdftex.def Info: ./SS/plans.jpg  used on input line 409.
(pdftex.def)             Requested size: 498.26656pt x 280.2084pt.

Overfull \hbox (45.29866pt too wide) in paragraph at lines 409--410
 [][] 
 []


LaTeX Warning: `!h' float specifier changed to `!ht'.

<./SS/plan.jpg, id=127, 963.6pt x 457.71pt>
File: ./SS/plan.jpg Graphic file (type jpg)
<use ./SS/plan.jpg>
Package pdftex.def Info: ./SS/plan.jpg  used on input line 416.
(pdftex.def)             Requested size: 498.26656pt x 280.2084pt.

Overfull \hbox (45.29866pt too wide) in paragraph at lines 416--417
 [][] 
 []


LaTeX Warning: `!h' float specifier changed to `!ht'.

<./SS/signup.jpg, id=128, 963.6pt x 457.71pt>
File: ./SS/signup.jpg Graphic file (type jpg)
<use ./SS/signup.jpg>
Package pdftex.def Info: ./SS/signup.jpg  used on input line 423.
(pdftex.def)             Requested size: 498.26656pt x 280.2084pt.

Overfull \hbox (45.29866pt too wide) in paragraph at lines 423--424
 [][] 
 []


LaTeX Warning: `!h' float specifier changed to `!ht'.

<./SS/hotel.jpg, id=129, 963.6pt x 457.71pt>
File: ./SS/hotel.jpg Graphic file (type jpg)
<use ./SS/hotel.jpg>
Package pdftex.def Info: ./SS/hotel.jpg  used on input line 430.
(pdftex.def)             Requested size: 498.26656pt x 280.2084pt.

Overfull \hbox (45.29866pt too wide) in paragraph at lines 430--431
 [][] 
 []


LaTeX Warning: `!h' float specifier changed to `!ht'.

<./SS/flight.jpg, id=130, 963.6pt x 457.71pt>
File: ./SS/flight.jpg Graphic file (type jpg)
<use ./SS/flight.jpg>
Package pdftex.def Info: ./SS/flight.jpg  used on input line 437.
(pdftex.def)             Requested size: 498.26656pt x 280.2084pt.

Overfull \hbox (45.29866pt too wide) in paragraph at lines 437--438
 [][] 
 []


LaTeX Warning: `!h' float specifier changed to `!ht'.

<./SS/payment.jpg, id=131, 963.6pt x 457.71pt>
File: ./SS/payment.jpg Graphic file (type jpg)
<use ./SS/payment.jpg>
Package pdftex.def Info: ./SS/payment.jpg  used on input line 444.
(pdftex.def)             Requested size: 498.26656pt x 280.2084pt.

Overfull \hbox (45.29866pt too wide) in paragraph at lines 444--445
 [][] 
 []


LaTeX Warning: `!h' float specifier changed to `!ht'.

<./SS/about.jpg, id=132, 963.6pt x 457.71pt>
File: ./SS/about.jpg Graphic file (type jpg)
<use ./SS/about.jpg>
Package pdftex.def Info: ./SS/about.jpg  used on input line 451.
(pdftex.def)             Requested size: 498.26656pt x 280.2084pt.

Overfull \hbox (45.29866pt too wide) in paragraph at lines 451--452
 [][] 
 []


LaTeX Warning: `!h' float specifier changed to `!ht'.

<./SS/contact_us.jpg, id=133, 963.6pt x 457.71pt>
File: ./SS/contact_us.jpg Graphic file (type jpg)
<use ./SS/contact_us.jpg>
Package pdftex.def Info: ./SS/contact_us.jpg  used on input line 458.
(pdftex.def)             Requested size: 498.26656pt x 280.2084pt.

Overfull \hbox (45.29866pt too wide) in paragraph at lines 458--459
 [][] 
 []


LaTeX Warning: `!h' float specifier changed to `!ht'.

<./SS/developer.jpg, id=134, 963.6pt x 457.71pt>
File: ./SS/developer.jpg Graphic file (type jpg)
<use ./SS/developer.jpg>
Package pdftex.def Info: ./SS/developer.jpg  used on input line 465.
(pdftex.def)             Requested size: 498.26656pt x 280.2084pt.

Overfull \hbox (45.29866pt too wide) in paragraph at lines 465--466
 [][] 
 []


LaTeX Warning: `!h' float specifier changed to `!ht'.

<./SS/error.jpg, id=135, 963.6pt x 457.71pt>
File: ./SS/error.jpg Graphic file (type jpg)
<use ./SS/error.jpg>
Package pdftex.def Info: ./SS/error.jpg  used on input line 472.
(pdftex.def)             Requested size: 498.26656pt x 280.2084pt.

Overfull \hbox (45.29866pt too wide) in paragraph at lines 472--473
 [][] 
 []


LaTeX Warning: `!h' float specifier changed to `!ht'.

<./SS/admin.jpg, id=136, 963.6pt x 457.71pt>
File: ./SS/admin.jpg Graphic file (type jpg)
<use ./SS/admin.jpg>
Package pdftex.def Info: ./SS/admin.jpg  used on input line 479.
(pdftex.def)             Requested size: 498.26656pt x 280.2084pt.

Overfull \hbox (45.29866pt too wide) in paragraph at lines 479--480
 [][] 
 []


LaTeX Warning: `!h' float specifier changed to `!ht'.

<./SS/manage_plan.jpg, id=137, 963.6pt x 457.71pt>
File: ./SS/manage_plan.jpg Graphic file (type jpg)
<use ./SS/manage_plan.jpg>
Package pdftex.def Info: ./SS/manage_plan.jpg  used on input line 486.
(pdftex.def)             Requested size: 498.26656pt x 280.2084pt.

Overfull \hbox (45.29866pt too wide) in paragraph at lines 486--487
 [][] 
 []


LaTeX Warning: `!h' float specifier changed to `!ht'.

<./SS/pkg_edit.jpg, id=138, 963.6pt x 457.71pt>
File: ./SS/pkg_edit.jpg Graphic file (type jpg)
<use ./SS/pkg_edit.jpg>
Package pdftex.def Info: ./SS/pkg_edit.jpg  used on input line 493.
(pdftex.def)             Requested size: 498.26656pt x 280.2084pt.

Overfull \hbox (45.29866pt too wide) in paragraph at lines 493--494
 [][] 
 []


LaTeX Warning: `!h' float specifier changed to `!ht'.



[16

 <./SS/home.jpg>]

[17 <./SS/plans.jpg> <./SS/plan.jpg>]

[18 <./SS/signup.jpg> <./SS/hotel.jpg>]

[19 <./SS/flight.jpg> <./SS/payment.jpg>]

[20 <./SS/about.jpg> <./SS/contact_us.jpg>]

[21 <./SS/developer.jpg> <./SS/error.jpg>]

[22 <./SS/admin.jpg> <./SS/manage_plan.jpg>]

[23 <./SS/pkg_edit.jpg>]
chapter 6.


[24

]
chapter 7.


[25

] (final.aux)
 ***********
LaTeX2e <2024-06-01> patch level 1
L3 programming layer <2024-05-27>
 ***********
Package rerunfilecheck Info: File `final.out' has not changed.
(rerunfilecheck)             Checksum: D41D8CD98F00B204E9800998ECF8427E;0.
 ) 
Here is how much of TeX's memory you used:
 28608 strings out of 473920
 576350 string characters out of 5726974
 1951908 words of memory out of 5000000
 50963 multiletter control sequences out of 15000+600000
 565370 words of font info for 60 fonts, out of 8000000 for 9000
 1141 hyphenation exceptions out of 8191
 110i,9n,107p,10991b,616s stack positions out of 10000i,1000n,20000p,200000b,200000s
 <C:\Users\SAKIB\AppData\Local\MiKTeX\fonts/pk/ljfour/jknappen/ec/dpi600\tcrm1095.pk><C:/Users/SAKIB/AppData/Local/Programs/MiKTeX/fonts/type1/public/amsfonts/cm/cmbx10.pfb><C:/Users/SAKIB/AppData/Local/Programs/MiKTeX/fonts/type1/public/amsfonts/cm/cmbx12.pfb><C:/Users/SAKIB/AppData/Local/Programs/MiKTeX/fonts/type1/public/amsfonts/cm/cmr10.pfb><C:/Users/SAKIB/AppData/Local/Programs/MiKTeX/fonts/type1/public/amsfonts/cm/cmr12.pfb><C:/Users/SAKIB/AppData/Local/Programs/MiKTeX/fonts/type1/public/amsfonts/cm/cmssbx10.pfb>
Output written on final.pdf (25 pages, 2181825 bytes).
PDF statistics:
 283 PDF objects out of 1000 (max. 8388607)
 66 named destinations out of 1000 (max. 500000)
 223 words of extra memory for PDF output out of 10000 (max. 10000000)

